#
# A fatal error has been detected by the Java Runtime Environment:
#
#  Internal Error (safepoint.cpp:310), pid=73052, tid=0x0000000000002d03
#  guarantee(PageArmed == 0) failed: invariant
#
# JRE version: Java(TM) SE Runtime Environment (8.0_144-b01) (build 1.8.0_144-b01)
# Java VM: Java HotSpot(TM) 64-Bit Server VM (25.144-b01 mixed mode bsd-amd64 compressed oops)
# Failed to write core dump. Core dumps have been disabled. To enable core dumping, try "ulimit -c unlimited" before starting Java again
#
# If you would like to submit a bug report, please visit:
#   http://bugreport.java.com/bugreport/crash.jsp
#

---------------  T H R E A D  ---------------

Current thread (0x00007fa16e818000):  VMThread [stack: 0x000070001036e000,0x000070001046e000] [id=11523]

Stack: [0x000070001036e000,0x000070001046e000],  sp=0x000070001046d910,  free space=1022k
Native frames: (J=compiled Java code, j=interpreted, Vv=VM code, C=native code)
V  [libjvm.dylib+0x5b1ed6]  VMError::report_and_die()+0x3f8
V  [libjvm.dylib+0x1e8375]  report_vm_error(char const*, int, char const*, char const*)+0x54
V  [libjvm.dylib+0x4e2cbe]  SafepointSynchronize::begin()+0x2c8
V  [libjvm.dylib+0x5b8403]  VMThread::loop()+0x209
V  [libjvm.dylib+0x5b7e41]  VMThread::run()+0x79
V  [libjvm.dylib+0x48baee]  java_start(Thread*)+0xf6
C  [libsystem_pthread.dylib+0x36c1]  _pthread_body+0x154
C  [libsystem_pthread.dylib+0x356d]  _pthread_body+0x0
C  [libsystem_pthread.dylib+0x2c5d]  thread_start+0xd


---------------  P R O C E S S  ---------------

Java Threads: ( => current thread )
  0x00007fa16e877800 JavaThread "main" [_thread_in_Java, id=51203, stack(0x00007000118b3000,0x00007000119b3000)]
  0x00007fa16e8b5800 JavaThread "AWT-EventQueue-0" [_thread_blocked, id=50439, stack(0x000070001162a000,0x000070001172a000)]
  0x00007fa16f8f8800 JavaThread "AWT-Shutdown" [_thread_blocked, id=39867, stack(0x000070001121e000,0x000070001131e000)]
  0x00007fa16f19d800 JavaThread "Java2D Disposer" daemon [_thread_blocked, id=4131, stack(0x0000700011527000,0x0000700011627000)]
  0x00007fa16f8ac800 JavaThread "Java2D Queue Flusher" daemon [_thread_blocked, id=35595, stack(0x0000700011424000,0x0000700011524000)]
  0x00007fa16e8bb000 JavaThread "TimerQueue" daemon [_thread_blocked, id=46087, stack(0x0000700011095000,0x0000700011195000)]
  0x00007fa17027e000 JavaThread "DestroyJavaVM" [_thread_blocked, id=9987, stack(0x000070000fe5f000,0x000070000ff5f000)]
  0x00007fa16e8bf800 JavaThread "BlueJ worker thread" [_thread_blocked, id=49667, stack(0x0000700011321000,0x0000700011421000)]
  0x00007fa1700e9000 JavaThread "AppKit Thread" daemon [_thread_blocked, id=775, stack(0x00007ffee1bd7000,0x00007ffee23d7000)]
  0x00007fa16f820800 JavaThread "Service Thread" daemon [_thread_blocked, id=17155, stack(0x0000700010d8c000,0x0000700010e8c000)]
  0x00007fa16e837000 JavaThread "C1 CompilerThread2" daemon [_thread_blocked, id=17411, stack(0x0000700010c89000,0x0000700010d89000)]
  0x00007fa16f836800 JavaThread "C2 CompilerThread1" daemon [_thread_blocked, id=17667, stack(0x0000700010b86000,0x0000700010c86000)]
  0x00007fa16f842800 JavaThread "C2 CompilerThread0" daemon [_thread_blocked, id=17923, stack(0x0000700010a83000,0x0000700010b83000)]
  0x00007fa17003c800 JavaThread "JDWP Command Reader" daemon [_thread_blocked, id=14339, stack(0x0000700010980000,0x0000700010a80000)]
  0x00007fa16f020000 JavaThread "JDWP Event Helper Thread" daemon [_thread_blocked, id=18691, stack(0x000070001087d000,0x000070001097d000)]
  0x00007fa16f01f000 JavaThread "JDWP Transport Listener: dt_socket" daemon [_thread_blocked, id=14087, stack(0x000070001077a000,0x000070001087a000)]
  0x00007fa170022800 JavaThread "Signal Dispatcher" daemon [_thread_blocked, id=13575, stack(0x0000700010677000,0x0000700010777000)]
  0x00007fa16f81f800 JavaThread "Finalizer" daemon [_thread_blocked, id=12035, stack(0x0000700010574000,0x0000700010674000)]
  0x00007fa16e818800 JavaThread "Reference Handler" daemon [_thread_blocked, id=21251, stack(0x0000700010471000,0x0000700010571000)]

Other Threads:
=>0x00007fa16e818000 VMThread [stack: 0x000070001036e000,0x000070001046e000] [id=11523]
  0x00007fa16e81e000 WatcherThread [stack: 0x0000700010e8f000,0x0000700010f8f000] [id=15363]

VM state:synchronizing (normal execution)

VM Mutex/Monitor currently owned by a thread:  ([mutex/lock_event])
[0x00007fa16e403a10] Safepoint_lock - owner thread: 0x00007fa16e818000
[0x00007fa16e403a90] Threads_lock - owner thread: 0x00007fa16e818000

Heap:
 PSYoungGen      total 18944K, used 18595K [0x00000007aab00000, 0x00000007ac000000, 0x00000007c0000000)
  eden space 16384K, 98% used [0x00000007aab00000,0x00000007abaafb88,0x00000007abb00000)
  from space 2560K, 98% used [0x00000007abb00000,0x00000007abd792e8,0x00000007abd80000)
  to   space 2560K, 0% used [0x00000007abd80000,0x00000007abd80000,0x00000007ac000000)
 ParOldGen       total 44032K, used 20381K [0x0000000780000000, 0x0000000782b00000, 0x00000007aab00000)
  object space 44032K, 46% used [0x0000000780000000,0x00000007813e75f8,0x0000000782b00000)
 Metaspace       used 13713K, capacity 14184K, committed 14464K, reserved 1062912K
  class space    used 1716K, capacity 1867K, committed 1920K, reserved 1048576K

Card table byte_map: [0x000000010f567000,0x000000010f768000] byte_map_base: 0x000000010b967000

Marking Bits: (ParMarkBitMap*) 0x000000010eaf35d0
 Begin Bits: [0x000000010f8be000, 0x00000001108be000)
 End Bits:   [0x00000001108be000, 0x00000001118be000)

Polling page: 0x000000010d8a5000

CodeCache: size=245760Kb used=4409Kb max_used=4409Kb free=241351Kb
 bounds [0x0000000111eb6000, 0x0000000112316000, 0x0000000120eb6000]
 total_blobs=1971 nmethods=1418 adapters=474
 compilation: enabled

Compilation events (10 events):
Event: 733.403 Thread 0x00007fa16e837000 1446       3       java.awt.Component::areBoundsValid (29 bytes)
Event: 733.404 Thread 0x00007fa16e837000 nmethod 1446 0x00000001122fd710 code [0x00000001122fd8a0, 0x00000001122fddb8]
Event: 733.404 Thread 0x00007fa16e837000 1447       3       java.nio.Buffer::nextPutIndex (31 bytes)
Event: 733.404 Thread 0x00007fa16e837000 nmethod 1447 0x00000001122fd290 code [0x00000001122fd400, 0x00000001122fd628]
Event: 733.405 Thread 0x00007fa16e837000 1450       1       javax.swing.DefaultBoundedRangeModel::getValueIsAdjusting (5 bytes)
Event: 733.405 Thread 0x00007fa16e837000 nmethod 1450 0x00000001122fcfd0 code [0x00000001122fd120, 0x00000001122fd230]
Event: 733.405 Thread 0x00007fa16e837000 1448       1       java.util.concurrent.locks.ReentrantReadWriteLock::writeLock (5 bytes)
Event: 733.405 Thread 0x00007fa16e837000 nmethod 1448 0x00000001122fcd10 code [0x00000001122fce60, 0x00000001122fcf70]
Event: 733.405 Thread 0x00007fa16e837000 1453       1       javax.swing.text.DefaultCaret::isVisible (5 bytes)
Event: 733.405 Thread 0x00007fa16e837000 nmethod 1453 0x00000001122fca50 code [0x00000001122fcba0, 0x00000001122fccb0]

GC Heap History (2 events):
Event: 40.343 GC heap before
{Heap before GC invocations=1 (full 0):
 PSYoungGen      total 18944K, used 16384K [0x00000007aab00000, 0x00000007ac000000, 0x00000007c0000000)
  eden space 16384K, 100% used [0x00000007aab00000,0x00000007abb00000,0x00000007abb00000)
  from space 2560K, 0% used [0x00000007abd80000,0x00000007abd80000,0x00000007ac000000)
  to   space 2560K, 0% used [0x00000007abb00000,0x00000007abb00000,0x00000007abd80000)
 ParOldGen       total 44032K, used 0K [0x0000000780000000, 0x0000000782b00000, 0x00000007aab00000)
  object space 44032K, 0% used [0x0000000780000000,0x0000000780000000,0x0000000782b00000)
 Metaspace       used 13531K, capacity 14022K, committed 14208K, reserved 1060864K
  class space    used 1701K, capacity 1834K, committed 1920K, reserved 1048576K
Event: 40.355 GC heap after
Heap after GC invocations=1 (full 0):
 PSYoungGen      total 18944K, used 2532K [0x00000007aab00000, 0x00000007ac000000, 0x00000007c0000000)
  eden space 16384K, 0% used [0x00000007aab00000,0x00000007aab00000,0x00000007abb00000)
  from space 2560K, 98% used [0x00000007abb00000,0x00000007abd792e8,0x00000007abd80000)
  to   space 2560K, 0% used [0x00000007abd80000,0x00000007abd80000,0x00000007ac000000)
 ParOldGen       total 44032K, used 850K [0x0000000780000000, 0x0000000782b00000, 0x00000007aab00000)
  object space 44032K, 1% used [0x0000000780000000,0x00000007800d48e8,0x0000000782b00000)
 Metaspace       used 13531K, capacity 14022K, committed 14208K, reserved 1060864K
  class space    used 1701K, capacity 1834K, committed 1920K, reserved 1048576K
}

Deoptimization events (10 events):
Event: 32.763 Thread 0x00007fa16e809800 Uncommon trap: reason=class_check action=maybe_recompile pc=0x00000001120353c8 method=java.lang.String.equals(Ljava/lang/Object;)Z @ 8
Event: 32.763 Thread 0x00007fa16e809800 Uncommon trap: reason=class_check action=maybe_recompile pc=0x00000001120353c8 method=java.lang.String.equals(Ljava/lang/Object;)Z @ 8
Event: 32.763 Thread 0x00007fa16e809800 Uncommon trap: reason=class_check action=maybe_recompile pc=0x00000001120353c8 method=java.lang.String.equals(Ljava/lang/Object;)Z @ 8
Event: 32.763 Thread 0x00007fa16e809800 Uncommon trap: reason=class_check action=maybe_recompile pc=0x00000001120353c8 method=java.lang.String.equals(Ljava/lang/Object;)Z @ 8
Event: 33.226 Thread 0x00007fa16e877800 Uncommon trap: reason=unstable_if action=reinterpret pc=0x00000001120a2624 method=java.lang.String.toLowerCase(Ljava/util/Locale;)Ljava/lang/String; @ 85
Event: 33.474 Thread 0x00007fa16e877800 Uncommon trap: reason=unstable_if action=reinterpret pc=0x00000001120922c8 method=java.lang.String.indexOf([CII[CIII)I @ 3
Event: 33.690 Thread 0x00007fa16e877800 Uncommon trap: reason=unstable_if action=reinterpret pc=0x0000000112182b40 method=TimingSorts.bubbleSort([I)V @ 50
Event: 33.729 Thread 0x00007fa16e877800 Uncommon trap: reason=unstable_if action=reinterpret pc=0x000000011218b5e8 method=TimingSorts.selectSort([I)V @ 7
Event: 33.754 Thread 0x00007fa16e877800 Uncommon trap: reason=unstable_if action=reinterpret pc=0x0000000112188ce0 method=TimingSorts.insertionSort([III)V @ 8
Event: 33.757 Thread 0x00007fa16e877800 Uncommon trap: reason=unstable_if action=reinterpret pc=0x000000011219f7bc method=java.util.Random.nextInt(I)I @ 58

Internal exceptions (10 events):
Event: 0.630 Thread 0x00007fa16e809800 Exception <a 'java/security/PrivilegedActionException'> (0x00000007aac91380) thrown at [/Users/java_re/workspace/8-2-build-macosx-x86_64/jdk8u144/9417/hotspot/src/share/vm/prims/jvm.cpp, line 1390]
Event: 0.729 Thread 0x00007fa16e809800 Exception <a 'java/lang/NoSuchFieldError': method resolution failed> (0x00000007aad5f3f0) thrown at [/Users/java_re/workspace/8-2-build-macosx-x86_64/jdk8u144/9417/hotspot/src/share/vm/prims/methodHandles.cpp, line 1146]
Event: 0.735 Thread 0x00007fa16e809800 Exception <a 'java/lang/NoSuchFieldError': method resolution failed> (0x00000007aad6cbc0) thrown at [/Users/java_re/workspace/8-2-build-macosx-x86_64/jdk8u144/9417/hotspot/src/share/vm/prims/methodHandles.cpp, line 1146]
Event: 1.013 Thread 0x00007fa16e809800 Exception <a 'java/io/FileNotFoundException'> (0x00000007aae39dd0) thrown at [/Users/java_re/workspace/8-2-build-macosx-x86_64/jdk8u144/9417/hotspot/src/share/vm/prims/jni.cpp, line 709]
Event: 1.013 Thread 0x00007fa16e809800 Exception <a 'java/io/FileNotFoundException'> (0x00000007aae3acc8) thrown at [/Users/java_re/workspace/8-2-build-macosx-x86_64/jdk8u144/9417/hotspot/src/share/vm/prims/jni.cpp, line 709]
Event: 30.095 Thread 0x00007fa16e809800 Exception <a 'java/security/PrivilegedActionException'> (0x00000007aafdbfd8) thrown at [/Users/java_re/workspace/8-2-build-macosx-x86_64/jdk8u144/9417/hotspot/src/share/vm/prims/jvm.cpp, line 1390]
Event: 30.095 Thread 0x00007fa16e809800 Exception <a 'java/security/PrivilegedActionException'> (0x00000007aafdc1e8) thrown at [/Users/java_re/workspace/8-2-build-macosx-x86_64/jdk8u144/9417/hotspot/src/share/vm/prims/jvm.cpp, line 1390]
Event: 30.108 Thread 0x00007fa16e809800 Exception <a 'java/security/PrivilegedActionException'> (0x00000007aaff4be0) thrown at [/Users/java_re/workspace/8-2-build-macosx-x86_64/jdk8u144/9417/hotspot/src/share/vm/prims/jvm.cpp, line 1390]
Event: 30.108 Thread 0x00007fa16e809800 Exception <a 'java/security/PrivilegedActionException'> (0x00000007aaff4df0) thrown at [/Users/java_re/workspace/8-2-build-macosx-x86_64/jdk8u144/9417/hotspot/src/share/vm/prims/jvm.cpp, line 1390]
Event: 40.358 Thread 0x00007fa16f81f800 Exception <a 'java/lang/NullPointerException'> (0x00000007aab906e8) thrown at [/Users/java_re/workspace/8-2-build-macosx-x86_64/jdk8u144/9417/hotspot/src/share/vm/interpreter/linkResolver.cpp, line 1197]

Events (10 events):
Event: 582.975 loading class javax/swing/Popup$HeavyWeightWindow done
Event: 582.975 loading class com/apple/eawt/event/GestureHandler$1 done
Event: 582.975 Executing VM operation: RevokeBias
Event: 686.863 Executing VM operation: RevokeBias done
Event: 686.864 Executing VM operation: RevokeBias
Event: 686.864 Executing VM operation: RevokeBias done
Event: 686.864 loading class java/awt/event/MouseWheelEvent
Event: 686.864 Executing VM operation: RevokeBias
Event: 686.864 Executing VM operation: RevokeBias done
Event: 686.865 loading class java/awt/event/MouseWheelEvent done


Dynamic libraries:
0x000000002ff22000 	/System/Library/Frameworks/Cocoa.framework/Versions/A/Cocoa
0x000000002ff22000 	/System/Library/Frameworks/Security.framework/Versions/A/Security
0x000000002ff22000 	/System/Library/Frameworks/ApplicationServices.framework/Versions/A/ApplicationServices
0x000000002ff22000 	/usr/lib/libz.1.dylib
0x000000002ff22000 	/usr/lib/libSystem.B.dylib
0x000000002ff22000 	/usr/lib/libobjc.A.dylib
0x000000002ff22000 	/System/Library/Frameworks/CoreFoundation.framework/Versions/A/CoreFoundation
0x000000002ff22000 	/System/Library/Frameworks/Foundation.framework/Versions/C/Foundation
0x000000002ff22000 	/System/Library/Frameworks/AppKit.framework/Versions/C/AppKit
0x000000002ff22000 	/System/Library/Frameworks/CoreData.framework/Versions/A/CoreData
0x000000002ff22000 	/System/Library/PrivateFrameworks/RemoteViewServices.framework/Versions/A/RemoteViewServices
0x000000002ff22000 	/System/Library/PrivateFrameworks/UIFoundation.framework/Versions/A/UIFoundation
0x000000002ff22000 	/System/Library/PrivateFrameworks/DFRFoundation.framework/Versions/A/DFRFoundation
0x000000002ff22000 	/System/Library/Frameworks/Metal.framework/Versions/A/Metal
0x000000002ff22000 	/System/Library/PrivateFrameworks/DesktopServicesPriv.framework/Versions/A/DesktopServicesPriv
0x000000002ff22000 	/usr/lib/libenergytrace.dylib
0x000000002ff22000 	/System/Library/PrivateFrameworks/SkyLight.framework/Versions/A/SkyLight
0x000000002ff22000 	/System/Library/Frameworks/CoreGraphics.framework/Versions/A/CoreGraphics
0x000000002ff22000 	/usr/lib/libScreenReader.dylib
0x000000002ff22000 	/System/Library/Frameworks/Accelerate.framework/Versions/A/Accelerate
0x000000002ff22000 	/System/Library/Frameworks/IOSurface.framework/Versions/A/IOSurface
0x000000002ff22000 	/System/Library/Frameworks/AudioToolbox.framework/Versions/A/AudioToolbox
0x000000002ff22000 	/System/Library/Frameworks/AudioUnit.framework/Versions/A/AudioUnit
0x000000002ff22000 	/System/Library/PrivateFrameworks/DataDetectorsCore.framework/Versions/A/DataDetectorsCore
0x000000002ff22000 	/System/Library/Frameworks/Carbon.framework/Versions/A/Frameworks/HIToolbox.framework/Versions/A/HIToolbox
0x000000002ff22000 	/usr/lib/libicucore.A.dylib
0x000000002ff22000 	/System/Library/Frameworks/QuartzCore.framework/Versions/A/QuartzCore
0x000000002ff22000 	/System/Library/Frameworks/Carbon.framework/Versions/A/Frameworks/SpeechRecognition.framework/Versions/A/SpeechRecognition
0x000000002ff22000 	/usr/lib/libauto.dylib
0x000000002ff22000 	/usr/lib/libxml2.2.dylib
0x000000002ff22000 	/System/Library/PrivateFrameworks/CoreUI.framework/Versions/A/CoreUI
0x000000002ff22000 	/System/Library/Frameworks/CoreAudio.framework/Versions/A/CoreAudio
0x000000002ff22000 	/System/Library/Frameworks/DiskArbitration.framework/Versions/A/DiskArbitration
0x000000002ff22000 	/usr/lib/liblangid.dylib
0x000000002ff22000 	/System/Library/PrivateFrameworks/MultitouchSupport.framework/Versions/A/MultitouchSupport
0x000000002ff22000 	/System/Library/Frameworks/IOKit.framework/Versions/A/IOKit
0x000000002ff22000 	/usr/lib/libDiagnosticMessagesClient.dylib
0x000000002ff22000 	/System/Library/Frameworks/CoreServices.framework/Versions/A/CoreServices
0x000000002ff22000 	/System/Library/PrivateFrameworks/PerformanceAnalysis.framework/Versions/A/PerformanceAnalysis
0x000000002ff22000 	/System/Library/Frameworks/OpenGL.framework/Versions/A/OpenGL
0x000000002ff22000 	/System/Library/Frameworks/ColorSync.framework/Versions/A/ColorSync
0x000000002ff22000 	/System/Library/Frameworks/CoreImage.framework/Versions/A/CoreImage
0x000000002ff22000 	/System/Library/Frameworks/CoreText.framework/Versions/A/CoreText
0x000000002ff22000 	/System/Library/Frameworks/ImageIO.framework/Versions/A/ImageIO
0x000000002ff22000 	/System/Library/PrivateFrameworks/Backup.framework/Versions/A/Backup
0x000000002ff22000 	/usr/lib/libarchive.2.dylib
0x000000002ff22000 	/System/Library/Frameworks/CFNetwork.framework/Versions/A/CFNetwork
0x000000002ff22000 	/System/Library/Frameworks/SystemConfiguration.framework/Versions/A/SystemConfiguration
0x000000002ff22000 	/usr/lib/libCRFSuite.dylib
0x000000002ff22000 	/usr/lib/libc++.1.dylib
0x000000002ff22000 	/usr/lib/libc++abi.dylib
0x000000002ff22000 	/usr/lib/system/libcache.dylib
0x000000002ff22000 	/usr/lib/system/libcommonCrypto.dylib
0x000000002ff22000 	/usr/lib/system/libcompiler_rt.dylib
0x000000002ff22000 	/usr/lib/system/libcopyfile.dylib
0x000000002ff22000 	/usr/lib/system/libcorecrypto.dylib
0x000000002ff22000 	/usr/lib/system/libdispatch.dylib
0x000000002ff22000 	/usr/lib/system/libdyld.dylib
0x000000002ff22000 	/usr/lib/system/libkeymgr.dylib
0x000000002ff22000 	/usr/lib/system/liblaunch.dylib
0x000000002ff22000 	/usr/lib/system/libmacho.dylib
0x000000002ff22000 	/usr/lib/system/libquarantine.dylib
0x000000002ff22000 	/usr/lib/system/libremovefile.dylib
0x000000002ff22000 	/usr/lib/system/libsystem_asl.dylib
0x000000002ff22000 	/usr/lib/system/libsystem_blocks.dylib
0x000000002ff22000 	/usr/lib/system/libsystem_c.dylib
0x000000002ff22000 	/usr/lib/system/libsystem_configuration.dylib
0x000000002ff22000 	/usr/lib/system/libsystem_coreservices.dylib
0x000000002ff22000 	/usr/lib/system/libsystem_darwin.dylib
0x000000002ff22000 	/usr/lib/system/libsystem_dnssd.dylib
0x000000002ff22000 	/usr/lib/system/libsystem_info.dylib
0x000000002ff22000 	/usr/lib/system/libsystem_m.dylib
0x000000002ff22000 	/usr/lib/system/libsystem_malloc.dylib
0x000000002ff22000 	/usr/lib/system/libsystem_network.dylib
0x000000002ff22000 	/usr/lib/system/libsystem_networkextension.dylib
0x000000002ff22000 	/usr/lib/system/libsystem_notify.dylib
0x000000002ff22000 	/usr/lib/system/libsystem_sandbox.dylib
0x000000002ff22000 	/usr/lib/system/libsystem_secinit.dylib
0x000000002ff22000 	/usr/lib/system/libsystem_kernel.dylib
0x000000002ff22000 	/usr/lib/system/libsystem_platform.dylib
0x000000002ff22000 	/usr/lib/system/libsystem_pthread.dylib
0x000000002ff22000 	/usr/lib/system/libsystem_symptoms.dylib
0x000000002ff22000 	/usr/lib/system/libsystem_trace.dylib
0x000000002ff22000 	/usr/lib/system/libunwind.dylib
0x000000002ff22000 	/usr/lib/system/libxpc.dylib
0x000000002ff22000 	/usr/lib/closure/libclosured.dylib
0x000000002ff22000 	/usr/lib/libbsm.0.dylib
0x000000002ff22000 	/usr/lib/system/libkxld.dylib
0x000000002ff22000 	/usr/lib/libOpenScriptingUtil.dylib
0x000000002ff22000 	/usr/lib/libcoretls.dylib
0x000000002ff22000 	/usr/lib/libcoretls_cfhelpers.dylib
0x000000002ff22000 	/usr/lib/libpam.2.dylib
0x000000002ff22000 	/usr/lib/libsqlite3.dylib
0x000000002ff22000 	/usr/lib/libxar.1.dylib
0x000000002ff22000 	/usr/lib/libbz2.1.0.dylib
0x000000002ff22000 	/usr/lib/liblzma.5.dylib
0x000000002ff22000 	/usr/lib/libnetwork.dylib
0x000000002ff22000 	/usr/lib/libapple_nghttp2.dylib
0x000000002ff22000 	/usr/lib/libpcap.A.dylib
0x000000002ff22000 	/usr/lib/libboringssl.dylib
0x000000002ff22000 	/usr/lib/libusrtcp.dylib
0x000000002ff22000 	/usr/lib/libapple_crypto.dylib
0x000000002ff22000 	/System/Library/Frameworks/CoreServices.framework/Versions/A/Frameworks/FSEvents.framework/Versions/A/FSEvents
0x000000002ff22000 	/System/Library/Frameworks/CoreServices.framework/Versions/A/Frameworks/CarbonCore.framework/Versions/A/CarbonCore
0x000000002ff22000 	/System/Library/Frameworks/CoreServices.framework/Versions/A/Frameworks/Metadata.framework/Versions/A/Metadata
0x000000002ff22000 	/System/Library/Frameworks/CoreServices.framework/Versions/A/Frameworks/OSServices.framework/Versions/A/OSServices
0x000000002ff22000 	/System/Library/Frameworks/CoreServices.framework/Versions/A/Frameworks/SearchKit.framework/Versions/A/SearchKit
0x000000002ff22000 	/System/Library/Frameworks/CoreServices.framework/Versions/A/Frameworks/AE.framework/Versions/A/AE
0x000000002ff22000 	/System/Library/Frameworks/CoreServices.framework/Versions/A/Frameworks/LaunchServices.framework/Versions/A/LaunchServices
0x000000002ff22000 	/System/Library/Frameworks/CoreServices.framework/Versions/A/Frameworks/DictionaryServices.framework/Versions/A/DictionaryServices
0x000000002ff22000 	/System/Library/Frameworks/CoreServices.framework/Versions/A/Frameworks/SharedFileList.framework/Versions/A/SharedFileList
0x000000002ff22000 	/System/Library/Frameworks/NetFS.framework/Versions/A/NetFS
0x000000002ff22000 	/System/Library/PrivateFrameworks/NetAuth.framework/Versions/A/NetAuth
0x000000002ff22000 	/System/Library/PrivateFrameworks/login.framework/Versions/A/Frameworks/loginsupport.framework/Versions/A/loginsupport
0x000000002ff22000 	/System/Library/PrivateFrameworks/TCC.framework/Versions/A/TCC
0x000000002ff22000 	/usr/lib/libmecabra.dylib
0x000000002ff22000 	/System/Library/Frameworks/ApplicationServices.framework/Versions/A/Frameworks/ATS.framework/Versions/A/ATS
0x000000002ff22000 	/System/Library/Frameworks/ApplicationServices.framework/Versions/A/Frameworks/ColorSyncLegacy.framework/Versions/A/ColorSyncLegacy
0x000000002ff22000 	/System/Library/Frameworks/ApplicationServices.framework/Versions/A/Frameworks/HIServices.framework/Versions/A/HIServices
0x000000002ff22000 	/System/Library/Frameworks/ApplicationServices.framework/Versions/A/Frameworks/LangAnalysis.framework/Versions/A/LangAnalysis
0x000000002ff22000 	/System/Library/Frameworks/ApplicationServices.framework/Versions/A/Frameworks/PrintCore.framework/Versions/A/PrintCore
0x000000002ff22000 	/System/Library/Frameworks/ApplicationServices.framework/Versions/A/Frameworks/QD.framework/Versions/A/QD
0x000000002ff22000 	/System/Library/Frameworks/ApplicationServices.framework/Versions/A/Frameworks/SpeechSynthesis.framework/Versions/A/SpeechSynthesis
0x000000002ff22000 	/System/Library/Frameworks/CoreDisplay.framework/Versions/A/CoreDisplay
0x000000002ff22000 	/System/Library/Frameworks/Accelerate.framework/Versions/A/Frameworks/vImage.framework/Versions/A/vImage
0x000000002ff22000 	/System/Library/Frameworks/Accelerate.framework/Versions/A/Frameworks/vecLib.framework/Versions/A/vecLib
0x000000002ff22000 	/System/Library/Frameworks/Accelerate.framework/Versions/A/Frameworks/vecLib.framework/Versions/A/libvDSP.dylib
0x000000002ff22000 	/System/Library/Frameworks/Accelerate.framework/Versions/A/Frameworks/vecLib.framework/Versions/A/libBNNS.dylib
0x000000002ff22000 	/System/Library/Frameworks/Accelerate.framework/Versions/A/Frameworks/vecLib.framework/Versions/A/libQuadrature.dylib
0x000000002ff22000 	/System/Library/Frameworks/Accelerate.framework/Versions/A/Frameworks/vecLib.framework/Versions/A/libvMisc.dylib
0x000000002ff22000 	/System/Library/Frameworks/Accelerate.framework/Versions/A/Frameworks/vecLib.framework/Versions/A/libLAPACK.dylib
0x000000002ff22000 	/System/Library/Frameworks/Accelerate.framework/Versions/A/Frameworks/vecLib.framework/Versions/A/libBLAS.dylib
0x000000002ff22000 	/System/Library/Frameworks/Accelerate.framework/Versions/A/Frameworks/vecLib.framework/Versions/A/libLinearAlgebra.dylib
0x000000002ff22000 	/System/Library/Frameworks/Accelerate.framework/Versions/A/Frameworks/vecLib.framework/Versions/A/libSparse.dylib
0x000000002ff22000 	/System/Library/Frameworks/Accelerate.framework/Versions/A/Frameworks/vecLib.framework/Versions/A/libSparseBLAS.dylib
0x000000002ff22000 	/System/Library/PrivateFrameworks/IOAccelerator.framework/Versions/A/IOAccelerator
0x000000002ff22000 	/System/Library/PrivateFrameworks/IOPresentment.framework/Versions/A/IOPresentment
0x000000002ff22000 	/System/Library/PrivateFrameworks/DSExternalDisplay.framework/Versions/A/DSExternalDisplay
0x000000002ff22000 	/System/Library/Frameworks/OpenGL.framework/Versions/A/Libraries/libCoreFSCache.dylib
0x000000002ff22000 	/System/Library/Frameworks/CoreVideo.framework/Versions/A/CoreVideo
0x000000002ff22000 	/System/Library/PrivateFrameworks/GraphVisualizer.framework/Versions/A/GraphVisualizer
0x000000002ff22000 	/System/Library/Frameworks/MetalPerformanceShaders.framework/Versions/A/MetalPerformanceShaders
0x000000002ff22000 	/usr/lib/libFosl_dynamic.dylib
0x000000002ff22000 	/System/Library/PrivateFrameworks/FaceCore.framework/Versions/A/FaceCore
0x000000002ff22000 	/System/Library/Frameworks/OpenCL.framework/Versions/A/OpenCL
0x000000002ff22000 	/usr/lib/libcompression.dylib
0x000000002ff22000 	/System/Library/Frameworks/ApplicationServices.framework/Versions/A/Frameworks/ATS.framework/Versions/A/Resources/libFontParser.dylib
0x000000002ff22000 	/System/Library/Frameworks/ApplicationServices.framework/Versions/A/Frameworks/ATS.framework/Versions/A/Resources/libFontRegistry.dylib
0x000000002ff22000 	/System/Library/Frameworks/ImageIO.framework/Versions/A/Resources/libJPEG.dylib
0x000000002ff22000 	/System/Library/Frameworks/ImageIO.framework/Versions/A/Resources/libTIFF.dylib
0x000000002ff22000 	/System/Library/Frameworks/ImageIO.framework/Versions/A/Resources/libPng.dylib
0x000000002ff22000 	/System/Library/Frameworks/ImageIO.framework/Versions/A/Resources/libGIF.dylib
0x000000002ff22000 	/System/Library/Frameworks/ImageIO.framework/Versions/A/Resources/libJP2.dylib
0x000000002ff22000 	/System/Library/Frameworks/ImageIO.framework/Versions/A/Resources/libRadiance.dylib
0x000000002ff22000 	/System/Library/PrivateFrameworks/AppleJPEG.framework/Versions/A/AppleJPEG
0x000000002ff22000 	/System/Library/PrivateFrameworks/MetalTools.framework/Versions/A/MetalTools
0x000000002ff22000 	/System/Library/Frameworks/MetalPerformanceShaders.framework/Frameworks/MPSCore.framework/Versions/A/MPSCore
0x000000002ff22000 	/System/Library/Frameworks/MetalPerformanceShaders.framework/Frameworks/MPSImage.framework/Versions/A/MPSImage
0x000000002ff22000 	/System/Library/Frameworks/MetalPerformanceShaders.framework/Frameworks/MPSMatrix.framework/Versions/A/MPSMatrix
0x000000002ff22000 	/System/Library/Frameworks/MetalPerformanceShaders.framework/Frameworks/MPSNeuralNetwork.framework/Versions/A/MPSNeuralNetwork
0x000000002ff22000 	/System/Library/Frameworks/OpenGL.framework/Versions/A/Libraries/libGLU.dylib
0x000000002ff22000 	/System/Library/Frameworks/OpenGL.framework/Versions/A/Libraries/libGFXShared.dylib
0x000000002ff22000 	/System/Library/Frameworks/OpenGL.framework/Versions/A/Libraries/libGL.dylib
0x000000002ff22000 	/System/Library/Frameworks/OpenGL.framework/Versions/A/Libraries/libGLImage.dylib
0x000000002ff22000 	/System/Library/Frameworks/OpenGL.framework/Versions/A/Libraries/libCVMSPluginSupport.dylib
0x000000002ff22000 	/System/Library/Frameworks/OpenGL.framework/Versions/A/Libraries/libCoreVMClient.dylib
0x000000002ff22000 	/usr/lib/libcups.2.dylib
0x000000002ff22000 	/System/Library/Frameworks/Kerberos.framework/Versions/A/Kerberos
0x000000002ff22000 	/System/Library/Frameworks/GSS.framework/Versions/A/GSS
0x000000002ff22000 	/usr/lib/libresolv.9.dylib
0x000000002ff22000 	/usr/lib/libiconv.2.dylib
0x000000002ff22000 	/System/Library/PrivateFrameworks/Heimdal.framework/Versions/A/Heimdal
0x000000002ff22000 	/usr/lib/libheimdal-asn1.dylib
0x000000002ff22000 	/System/Library/Frameworks/OpenDirectory.framework/Versions/A/OpenDirectory
0x000000002ff22000 	/System/Library/PrivateFrameworks/CommonAuth.framework/Versions/A/CommonAuth
0x000000002ff22000 	/System/Library/Frameworks/OpenDirectory.framework/Versions/A/Frameworks/CFOpenDirectory.framework/Versions/A/CFOpenDirectory
0x000000002ff22000 	/System/Library/Frameworks/SecurityFoundation.framework/Versions/A/SecurityFoundation
0x000000002ff22000 	/System/Library/PrivateFrameworks/APFS.framework/Versions/A/APFS
0x000000002ff22000 	/usr/lib/libutil.dylib
0x000000002ff22000 	/System/Library/PrivateFrameworks/AppleSauce.framework/Versions/A/AppleSauce
0x000000002ff22000 	/System/Library/PrivateFrameworks/LinguisticData.framework/Versions/A/LinguisticData
0x000000002ff22000 	/usr/lib/libmarisa.dylib
0x000000002ff22000 	/System/Library/PrivateFrameworks/Lexicon.framework/Versions/A/Lexicon
0x000000002ff22000 	/usr/lib/libChineseTokenizer.dylib
0x000000002ff22000 	/usr/lib/libcmph.dylib
0x000000002ff22000 	/System/Library/PrivateFrameworks/LanguageModeling.framework/Versions/A/LanguageModeling
0x000000002ff22000 	/System/Library/PrivateFrameworks/CoreEmoji.framework/Versions/A/CoreEmoji
0x000000002ff22000 	/System/Library/Frameworks/ServiceManagement.framework/Versions/A/ServiceManagement
0x000000002ff22000 	/System/Library/PrivateFrameworks/BackgroundTaskManagement.framework/Versions/A/BackgroundTaskManagement
0x000000002ff22000 	/usr/lib/libxslt.1.dylib
0x000000002ff22000 	/System/Library/Frameworks/Carbon.framework/Versions/A/Frameworks/Ink.framework/Versions/A/Ink
0x000000002ff22000 	/System/Library/PrivateFrameworks/TextureIO.framework/Versions/A/TextureIO
0x000000002ff22000 	/usr/lib/libate.dylib
0x000000002ff22000 	/System/Library/PrivateFrameworks/CrashReporterSupport.framework/Versions/A/CrashReporterSupport
0x000000002ff22000 	/System/Library/PrivateFrameworks/Sharing.framework/Versions/A/Sharing
0x000000002ff22000 	/System/Library/PrivateFrameworks/IconServices.framework/Versions/A/IconServices
0x000000002ff22000 	/System/Library/PrivateFrameworks/ProtocolBuffer.framework/Versions/A/ProtocolBuffer
0x000000002ff22000 	/System/Library/PrivateFrameworks/Apple80211.framework/Versions/A/Apple80211
0x000000002ff22000 	/System/Library/Frameworks/CoreWLAN.framework/Versions/A/CoreWLAN
0x000000002ff22000 	/System/Library/PrivateFrameworks/CoreUtils.framework/Versions/A/CoreUtils
0x000000002ff22000 	/System/Library/Frameworks/IOBluetooth.framework/Versions/A/IOBluetooth
0x000000002ff22000 	/System/Library/PrivateFrameworks/CoreWiFi.framework/Versions/A/CoreWiFi
0x000000002ff22000 	/System/Library/Frameworks/CoreBluetooth.framework/Versions/A/CoreBluetooth
0x000000002ff22000 	/System/Library/PrivateFrameworks/SignpostNotification.framework/Versions/A/SignpostNotification
0x000000002ff22000 	/System/Library/PrivateFrameworks/DebugSymbols.framework/Versions/A/DebugSymbols
0x000000002ff22000 	/System/Library/PrivateFrameworks/CoreSymbolication.framework/Versions/A/CoreSymbolication
0x000000002ff22000 	/System/Library/PrivateFrameworks/Symbolication.framework/Versions/A/Symbolication
0x000000002ff22000 	/System/Library/PrivateFrameworks/AppleFSCompression.framework/Versions/A/AppleFSCompression
0x000000002ff22000 	/System/Library/PrivateFrameworks/SpeechRecognitionCore.framework/Versions/A/SpeechRecognitionCore
0x000000010e200000 	/private/var/folders/dt/jn24d_kx4cd9kl5c46dsbr2m0000gn/T/AppTranslocation/3CEFDC6A-CC75-4FEF-BFC8-A92C9773BD8B/d/BlueJ.app/Contents/JDK/Home/jre/lib/server/libjvm.dylib
0x000000002ff22000 	/usr/lib/libstdc++.6.0.9.dylib
0x000000010d862000 	/private/var/folders/dt/jn24d_kx4cd9kl5c46dsbr2m0000gn/T/AppTranslocation/3CEFDC6A-CC75-4FEF-BFC8-A92C9773BD8B/d/BlueJ.app/Contents/JDK/Home/jre/lib/libverify.dylib
0x000000010d870000 	/private/var/folders/dt/jn24d_kx4cd9kl5c46dsbr2m0000gn/T/AppTranslocation/3CEFDC6A-CC75-4FEF-BFC8-A92C9773BD8B/d/BlueJ.app/Contents/JDK/Home/jre/lib/libjava.dylib
0x000000010d8a6000 	/private/var/folders/dt/jn24d_kx4cd9kl5c46dsbr2m0000gn/T/AppTranslocation/3CEFDC6A-CC75-4FEF-BFC8-A92C9773BD8B/d/BlueJ.app/Contents/JDK/Home/jre/lib/libjdwp.dylib
0x000000010d8f1000 	/private/var/folders/dt/jn24d_kx4cd9kl5c46dsbr2m0000gn/T/AppTranslocation/3CEFDC6A-CC75-4FEF-BFC8-A92C9773BD8B/d/BlueJ.app/Contents/JDK/Home/jre/lib/libnpt.dylib
0x000000010d93e000 	/private/var/folders/dt/jn24d_kx4cd9kl5c46dsbr2m0000gn/T/AppTranslocation/3CEFDC6A-CC75-4FEF-BFC8-A92C9773BD8B/d/BlueJ.app/Contents/JDK/Home/jre/lib/libzip.dylib
0x000000002ff22000 	/System/Library/Frameworks/JavaVM.framework/Versions/A/Frameworks/JavaRuntimeSupport.framework/Versions/A/JavaRuntimeSupport
0x000000002ff22000 	/System/Library/Frameworks/JavaVM.framework/Versions/A/Frameworks/JavaNativeFoundation.framework/Versions/A/JavaNativeFoundation
0x000000002ff22000 	/System/Library/Frameworks/JavaVM.framework/Versions/A/JavaVM
0x000000002ff22000 	/System/Library/Frameworks/Carbon.framework/Versions/A/Carbon
0x000000002ff22000 	/System/Library/PrivateFrameworks/JavaLaunching.framework/Versions/A/JavaLaunching
0x000000002ff22000 	/System/Library/Frameworks/Carbon.framework/Versions/A/Frameworks/CommonPanels.framework/Versions/A/CommonPanels
0x000000002ff22000 	/System/Library/Frameworks/Carbon.framework/Versions/A/Frameworks/Help.framework/Versions/A/Help
0x000000002ff22000 	/System/Library/Frameworks/Carbon.framework/Versions/A/Frameworks/ImageCapture.framework/Versions/A/ImageCapture
0x000000002ff22000 	/System/Library/Frameworks/Carbon.framework/Versions/A/Frameworks/OpenScripting.framework/Versions/A/OpenScripting
0x000000002ff22000 	/System/Library/Frameworks/Carbon.framework/Versions/A/Frameworks/Print.framework/Versions/A/Print
0x000000002ff22000 	/System/Library/Frameworks/Carbon.framework/Versions/A/Frameworks/SecurityHI.framework/Versions/A/SecurityHI
0x0000000111df3000 	/private/var/folders/dt/jn24d_kx4cd9kl5c46dsbr2m0000gn/T/AppTranslocation/3CEFDC6A-CC75-4FEF-BFC8-A92C9773BD8B/d/BlueJ.app/Contents/JDK/Home/jre/lib/libdt_socket.dylib
0x0000000123f96000 	/private/var/folders/dt/jn24d_kx4cd9kl5c46dsbr2m0000gn/T/AppTranslocation/3CEFDC6A-CC75-4FEF-BFC8-A92C9773BD8B/d/BlueJ.app/Contents/JDK/Home/jre/lib/libawt.dylib
0x000000012403e000 	/private/var/folders/dt/jn24d_kx4cd9kl5c46dsbr2m0000gn/T/AppTranslocation/3CEFDC6A-CC75-4FEF-BFC8-A92C9773BD8B/d/BlueJ.app/Contents/JDK/Home/jre/lib/./libmlib_image.dylib
0x000000012410a000 	/private/var/folders/dt/jn24d_kx4cd9kl5c46dsbr2m0000gn/T/AppTranslocation/3CEFDC6A-CC75-4FEF-BFC8-A92C9773BD8B/d/BlueJ.app/Contents/JDK/Home/jre/lib/libawt_lwawt.dylib
0x0000000111dfc000 	/private/var/folders/dt/jn24d_kx4cd9kl5c46dsbr2m0000gn/T/AppTranslocation/3CEFDC6A-CC75-4FEF-BFC8-A92C9773BD8B/d/BlueJ.app/Contents/JDK/Home/jre/lib/./libosxapp.dylib
0x000000002ff22000 	/System/Library/Frameworks/ExceptionHandling.framework/Versions/A/ExceptionHandling
0x000000002ff22000 	/System/Library/PrivateFrameworks/CoreServicesInternal.framework/Versions/A/CoreServicesInternal
0x000000002ff22000 	/System/Library/CoreServices/RawCamera.bundle/Contents/MacOS/RawCamera
0x000000002ff22000 	/System/Library/PrivateFrameworks/MobileAsset.framework/Versions/A/MobileAsset
0x000000002ff22000 	/System/Library/PrivateFrameworks/StreamingZip.framework/Versions/A/StreamingZip
0x000000002ff22000 	/System/Library/Frameworks/MediaToolbox.framework/Versions/A/MediaToolbox
0x000000002ff22000 	/System/Library/PrivateFrameworks/CoreAVCHD.framework/Versions/A/CoreAVCHD
0x000000002ff22000 	/System/Library/Frameworks/MediaAccessibility.framework/Versions/A/MediaAccessibility
0x000000002ff22000 	/System/Library/PrivateFrameworks/Mangrove.framework/Versions/A/Mangrove
0x000000002ff22000 	/System/Library/Frameworks/CoreMedia.framework/Versions/A/CoreMedia
0x000000002ff22000 	/System/Library/Frameworks/VideoToolbox.framework/Versions/A/VideoToolbox
0x000000002ff22000 	/System/Library/PrivateFrameworks/CoreAUC.framework/Versions/A/CoreAUC
0x000000002ff22000 	/usr/lib/libspindump.dylib
0x000000002ff22000 	/usr/lib/libdscsym.dylib
0x000000002ff22000 	/System/Library/PrivateFrameworks/AppleVA.framework/Versions/A/AppleVA
0x000000002ff22000 	/System/Library/Frameworks/Accelerate.framework/Versions/A/Frameworks/vImage.framework/Versions/A/Libraries/libCGInterfaces.dylib
0x000000002ff22000 	/System/Library/Frameworks/ApplicationServices.framework/Versions/A/Frameworks/ATS.framework/Versions/A/Resources/libTrueTypeScaler.dylib
0x000000002ff22000 	/System/Library/Frameworks/OpenGL.framework/Versions/A/Resources/GLEngine.bundle/GLEngine
0x000000002ff22000 	/System/Library/Frameworks/OpenGL.framework/Versions/A/Libraries/libGLProgrammability.dylib
0x0000000125fb5000 	/System/Library/Extensions/AppleIntelBDWGraphicsGLDriver.bundle/Contents/MacOS/AppleIntelBDWGraphicsGLDriver
0x000000002ff22000 	/System/Library/PrivateFrameworks/GPUSupport.framework/Versions/A/Libraries/libGPUSupportMercury.dylib
0x000000002ff22000 	/System/Library/Frameworks/OpenGL.framework/Versions/A/Resources/GLRendererFloat.bundle/GLRendererFloat
0x000000002ff22000 	/System/Library/Frameworks/OpenCL.framework/Versions/A/Libraries/libcldcpuengine.dylib
0x000000002ff22000 	/usr/lib/libcrypto.35.dylib
0x000000002ff22000 	/System/Library/PrivateFrameworks/TrustEvaluationAgent.framework/Versions/A/TrustEvaluationAgent
0x000000002ff22000 	/System/Library/Extensions/AppleIntelBDWGraphicsMTLDriver.bundle/Contents/MacOS/AppleIntelBDWGraphicsMTLDriver
0x000000002ff22000 	/System/Library/PrivateFrameworks/GPUCompiler.framework/Versions/3802/Libraries/libmetal_timestamp.dylib
0x000000002ff22000 	/System/Library/PrivateFrameworks/FamilyControls.framework/Versions/A/FamilyControls
0x000000002ff22000 	/System/Library/PrivateFrameworks/CommerceKit.framework/Versions/A/Frameworks/CommerceCore.framework/Versions/A/CommerceCore
0x000000002ff22000 	/System/Library/PrivateFrameworks/SystemAdministration.framework/Versions/A/SystemAdministration
0x000000002ff22000 	/System/Library/PrivateFrameworks/AppContainer.framework/Versions/A/AppContainer
0x000000002ff22000 	/System/Library/PrivateFrameworks/SecCodeWrapper.framework/Versions/A/SecCodeWrapper
0x000000002ff22000 	/System/Library/PrivateFrameworks/DiskManagement.framework/Versions/A/DiskManagement
0x000000002ff22000 	/System/Library/Frameworks/DirectoryService.framework/Versions/A/DirectoryService
0x000000002ff22000 	/System/Library/PrivateFrameworks/DiskImages.framework/Versions/A/DiskImages
0x000000002ff22000 	/System/Library/PrivateFrameworks/LoginUIKit.framework/Versions/A/Frameworks/LoginUICore.framework/Versions/A/LoginUICore
0x000000002ff22000 	/usr/lib/libCoreStorage.dylib
0x000000002ff22000 	/usr/lib/libcsfde.dylib
0x000000002ff22000 	/usr/lib/libodfde.dylib
0x000000002ff22000 	/System/Library/PrivateFrameworks/MediaKit.framework/Versions/A/MediaKit
0x000000002ff22000 	/System/Library/Frameworks/DiscRecording.framework/Versions/A/DiscRecording
0x000000002ff22000 	/System/Library/PrivateFrameworks/EFILogin.framework/Versions/A/EFILogin
0x000000002ff22000 	/System/Library/PrivateFrameworks/ProtectedCloudStorage.framework/Versions/A/ProtectedCloudStorage
0x000000002ff22000 	/usr/lib/libcurl.4.dylib
0x000000002ff22000 	/usr/lib/libssl.35.dylib
0x000000002ff22000 	/System/Library/Frameworks/LDAP.framework/Versions/A/LDAP
0x000000002ff22000 	/usr/lib/libsasl2.2.dylib
0x000000002ff22000 	/System/Library/PrivateFrameworks/CoreDaemon.framework/Versions/B/CoreDaemon
0x000000002ff22000 	/System/Library/PrivateFrameworks/AppleSRP.framework/Versions/A/AppleSRP
0x0000000126e3f000 	/private/var/folders/dt/jn24d_kx4cd9kl5c46dsbr2m0000gn/T/AppTranslocation/3CEFDC6A-CC75-4FEF-BFC8-A92C9773BD8B/d/BlueJ.app/Contents/JDK/Home/jre/lib/libfontmanager.dylib
0x0000000126ead000 	/private/var/folders/dt/jn24d_kx4cd9kl5c46dsbr2m0000gn/T/AppTranslocation/3CEFDC6A-CC75-4FEF-BFC8-A92C9773BD8B/d/BlueJ.app/Contents/JDK/Home/jre/lib/libosxui.dylib
0x000000012831a000 	/private/var/folders/dt/jn24d_kx4cd9kl5c46dsbr2m0000gn/T/AppTranslocation/3CEFDC6A-CC75-4FEF-BFC8-A92C9773BD8B/d/BlueJ.app/Contents/JDK/Home/jre/lib/libnet.dylib
0x00000001283ce000 	/private/var/folders/dt/jn24d_kx4cd9kl5c46dsbr2m0000gn/T/AppTranslocation/3CEFDC6A-CC75-4FEF-BFC8-A92C9773BD8B/d/BlueJ.app/Contents/JDK/Home/jre/lib/libnio.dylib
0x000000002ff22000 	/System/Library/PrivateFrameworks/ViewBridge.framework/Versions/A/ViewBridge

VM Arguments:
jvm_args: -ea -agentlib:jdwp=transport=dt_socket,address=127.0.0.1:56413 
java_command: bluej.runtime.ExecServer
java_class_path (initial): /private/var/folders/dt/jn24d_kx4cd9kl5c46dsbr2m0000gn/T/AppTranslocation/3CEFDC6A-CC75-4FEF-BFC8-A92C9773BD8B/d/BlueJ.app/Contents/Resources/Java/bluejcore.jar:/private/var/folders/dt/jn24d_kx4cd9kl5c46dsbr2m0000gn/T/AppTranslocation/3CEFDC6A-CC75-4FEF-BFC8-A92C9773BD8B/d/BlueJ.app/Contents/Resources/Java/junit-4.11.jar:/private/var/folders/dt/jn24d_kx4cd9kl5c46dsbr2m0000gn/T/AppTranslocation/3CEFDC6A-CC75-4FEF-BFC8-A92C9773BD8B/d/BlueJ.app/Contents/Resources/Java/hamcrest-core-1.3.jar:/private/var/folders/dt/jn24d_kx4cd9kl5c46dsbr2m0000gn/T/AppTranslocation/3CEFDC6A-CC75-4FEF-BFC8-A92C9773BD8B/d/BlueJ.app/Contents/Resources/Java/lang-stride.jar:/Users/kmorris/Dropbox/APCS/Unit #2 = Odds & Ends/Yahtzee_2017/yahtzeelib.jar:/private/var/folders/dt/jn24d_kx4cd9kl5c46dsbr2m0000gn/T/AppTranslocation/3CEFDC6A-CC75-4FEF-BFC8-A92C9773BD8B/d/BlueJ.app/Contents/Resources/Java/userlib/pi4j-core.jar:/private/var/folders/dt/jn24d_kx4cd9kl5c46dsbr2m0000gn/T/AppTranslocation/3CEFDC6A-CC75-4FEF-BFC8-A92C9773BD8B/d/BlueJ.app/Contents/Resources/Java/userlib/gridworld.jar:/private/var/folders/dt/jn24d_kx4cd9kl5c46dsbr2m0000gn/T/AppTranslocation/3CEFDC6A-CC75-4FEF-BFC8-A92C9773BD8B/d/BlueJ.app/Contents/Resources/Java/userlib/pi4j-gpio-extension.jar:/private/var/folders/dt/jn24d_kx4cd9kl5c46dsbr2m0000gn/T/AppTranslocation/3CEFDC6A-CC75-4FEF-BFC8-A92C9773BD8B/d/BlueJ.app/Contents/Resources/Java/userlib/pi4j-service.jar:/private/var/folders/dt/jn24d_kx4cd9kl5c46dsbr2m0000gn/T/AppTranslocation/3CEFDC6A-CC75-4FEF-BFC8-A92C9773BD8B/d/BlueJ.app/Contents/Resources/Java/userlib/acm.jar:/private/var/folders/dt/jn24d_kx4cd9kl5c46dsbr2m0000gn/T/AppTranslocation/3CEFDC6A-CC75-4FEF-BFC8-A92C9773BD8B/d/BlueJ.app/Contents/Resources/Java/userlib/pi4j-device.jar
Launcher Type: SUN_STANDARD

Environment Variables:
PATH=/usr/bin:/bin:/usr/sbin:/sbin
SHELL=/bin/bash
DISPLAY=/private/tmp/com.apple.launchd.4xsjdh8ky2/org.macosforge.xquartz:0

Signal Handlers:
SIGSEGV: [libjvm.dylib+0x5b26e5], sa_mask[0]=11111111011111110111111111111111, sa_flags=SA_ONSTACK|SA_RESTART|SA_SIGINFO
SIGBUS: [libjvm.dylib+0x5b26e5], sa_mask[0]=11111111011111110111111111111111, sa_flags=SA_RESTART|SA_SIGINFO
SIGFPE: [libjvm.dylib+0x489100], sa_mask[0]=11111111011111110111111111111111, sa_flags=SA_RESTART|SA_SIGINFO
SIGPIPE: [libjvm.dylib+0x489100], sa_mask[0]=11111111011111110111111111111111, sa_flags=SA_RESTART|SA_SIGINFO
SIGXFSZ: [libjvm.dylib+0x489100], sa_mask[0]=11111111011111110111111111111111, sa_flags=SA_RESTART|SA_SIGINFO
SIGILL: [libjvm.dylib+0x489100], sa_mask[0]=11111111011111110111111111111111, sa_flags=SA_RESTART|SA_SIGINFO
SIGUSR1: SIG_DFL, sa_mask[0]=00000000000000000000000000000000, sa_flags=none
SIGUSR2: [libjvm.dylib+0x488c1e], sa_mask[0]=00100000000000000000000000000000, sa_flags=SA_RESTART|SA_SIGINFO
SIGHUP: [libjvm.dylib+0x4871f5], sa_mask[0]=11111111011111110111111111111111, sa_flags=SA_RESTART|SA_SIGINFO
SIGINT: [libjvm.dylib+0x4871f5], sa_mask[0]=11111111011111110111111111111111, sa_flags=SA_RESTART|SA_SIGINFO
SIGTERM: [libjvm.dylib+0x4871f5], sa_mask[0]=11111111011111110111111111111111, sa_flags=SA_RESTART|SA_SIGINFO
SIGQUIT: [libjvm.dylib+0x4871f5], sa_mask[0]=11111111011111110111111111111111, sa_flags=SA_RESTART|SA_SIGINFO


---------------  S Y S T E M  ---------------

OS:Bsduname:Darwin 17.4.0 Darwin Kernel Version 17.4.0: Sun Dec 17 09:19:54 PST 2017; root:xnu-4570.41.2~1/RELEASE_X86_64 x86_64
rlimit: STACK 8192k, CORE 0k, NPROC 709, NOFILE 10240, AS infinity
load average:3.80 4.67 4.10

CPU:total 4 (initial active 4) (2 cores per cpu, 2 threads per core) family 6 model 61 stepping 4, cmov, cx8, fxsr, mmx, sse, sse2, sse3, ssse3, sse4.1, sse4.2, popcnt, avx, avx2, aes, clmul, erms, 3dnowpref, lzcnt, ht, tsc, tscinvbit, bmi1, bmi2, adx

Memory: 4k page, physical 4194304k(37200k free)

/proc/meminfo:


vm_info: Java HotSpot(TM) 64-Bit Server VM (25.144-b01) for bsd-amd64 JRE (1.8.0_144-b01), built on Jul 21 2017 22:07:42 by "java_re" with gcc 4.2.1 (Based on Apple Inc. build 5658) (LLVM build 2336.11.00)

time: Wed Apr 11 20:01:44 2018
elapsed time: 3236 seconds (0d 0h 53m 56s)

